/wiisxr/Gamecube/../cdrmooby28/FileInterface.cpp:16:0:
/wiisxr/Gamecube/../cdrmooby28/Preferences.hpp:20:20: warning: 'repeatString' defined but not used [-Wunused-variable]
 static const char* repeatString = "repeat";
                    ^
/wiisxr/Gamecube/../cdrmooby28/Preferences.hpp:21:20: warning: 'volumeString' defined but not used [-Wunused-variable]
 static const char* volumeString = "volume";
                    ^
/wiisxr/Gamecube/../cdrmooby28/Preferences.hpp:25:20: warning: 'repeatAllString' defined but not used [-Wunused-variable]
 static const char* repeatAllString = "repeatAll";
                    ^
/wiisxr/Gamecube/../cdrmooby28/Preferences.hpp:26:20: warning: 'repeatOneString' defined but not used [-Wunused-variable]
 static const char* repeatOneString = "repeatOne";
                    ^
/wiisxr/Gamecube/../cdrmooby28/Preferences.hpp:27:20: warning: 'playOneString' defined but not used [-Wunused-variable]
 static const char* playOneString = "playOne";
                    ^
/wiisxr/Gamecube/../cdrmooby28/Globals.cpp:16:0:
/wiisxr/Gamecube/../cdrmooby28/Preferences.hpp:20:20: warning: 'repeatString' defined but not used [-Wunused-variable]
 static const char* repeatString = "repeat";
                    ^
/wiisxr/Gamecube/../cdrmooby28/Preferences.hpp:21:20: warning: 'volumeString' defined but not used [-Wunused-variable]
 static const char* volumeString = "volume";
                    ^
/wiisxr/Gamecube/../cdrmooby28/Preferences.hpp:25:20: warning: 'repeatAllString' defined but not used [-Wunused-variable]
 static const char* repeatAllString = "repeatAll";
                    ^
/wiisxr/Gamecube/../cdrmooby28/Preferences.hpp:26:20: warning: 'repeatOneString' defined but not used [-Wunused-variable]
 static const char* repeatOneString = "repeatOne";
                    ^
/wiisxr/Gamecube/../cdrmooby28/Preferences.hpp:27:20: warning: 'playOneString' defined but not used [-Wunused-variable]
 static const char* playOneString = "playOne";
                    ^
/wiisxr/Gamecube/PadSSSPSX.c: In function 'SSS_PADpoll':
/wiisxr/Gamecube/PadSSSPSX.c:268:4: warning: dereferencing type-punned pointer will break strict-aliasing rules [-Wstrict-aliasing]
    *(u16*)&buf[2] = global.padStat[pad];
    ^
/wiisxr/Gamecube/../gte.c: In function 'gteRTPS':
/wiisxr/Gamecube/../gte.c:526:2: warning: dereferencing type-punned pointer will break strict-aliasing rules [-Wstrict-aliasing]
  GTE_RTPS1(0);
  ^
/wiisxr/Gamecube/../gte.c:526:2: warning: dereferencing type-punned pointer will break strict-aliasing rules [-Wstrict-aliasing]
/wiisxr/Gamecube/../gte.c:526:2: warning: dereferencing type-punned pointer will break strict-aliasing rules [-Wstrict-aliasing]
/wiisxr/Gamecube/../gte.c:526:2: warning: dereferencing type-punned pointer will break strict-aliasing rules [-Wstrict-aliasing]
/wiisxr/Gamecube/../gte.c:526:2: warning: dereferencing type-punned pointer will break strict-aliasing rules [-Wstrict-aliasing]
/wiisxr/Gamecube/../gte.c:526:2: warning: dereferencing type-punned pointer will break strict-aliasing rules [-Wstrict-aliasing]
/wiisxr/Gamecube/../gte.c:526:2: warning: dereferencing type-punned pointer will break strict-aliasing rules [-Wstrict-aliasing]
/wiisxr/Gamecube/../gte.c:539:2: warning: dereferencing type-punned pointer will break strict-aliasing rules [-Wstrict-aliasing]
  GTE_RTPS2(2);
  ^
/wiisxr/Gamecube/../gte.c: In function 'gteRTPT':
/wiisxr/Gamecube/../gte.c:620:2: warning: dereferencing type-punned pointer will break strict-aliasing rules [-Wstrict-aliasing]
  GTE_RTPS1(0); 
  ^
/wiisxr/Gamecube/../gte.c:620:2: warning: dereferencing type-punned pointer will break strict-aliasing rules [-Wstrict-aliasing]
/wiisxr/Gamecube/../gte.c:620:2: warning: dereferencing type-punned pointer will break strict-aliasing rules [-Wstrict-aliasing]
/wiisxr/Gamecube/../gte.c:620:2: warning: dereferencing type-punned pointer will break strict-aliasing rules [-Wstrict-aliasing]
/wiisxr/Gamecube/../gte.c:620:2: warning: dereferencing type-punned pointer will break strict-aliasing rules [-Wstrict-aliasing]
/wiisxr/Gamecube/../gte.c:620:2: warning: dereferencing type-punned pointer will break strict-aliasing rules [-Wstrict-aliasing]
/wiisxr/Gamecube/../gte.c:620:2: warning: dereferencing type-punned pointer will break strict-aliasing rules [-Wstrict-aliasing]
/wiisxr/Gamecube/../gte.c:627:2: warning: dereferencing type-punned pointer will break strict-aliasing rules [-Wstrict-aliasing]
  GTE_RTPS2(0);
  ^
/wiisxr/Gamecube/../gte.c:629:2: warning: dereferencing type-punned pointer will break strict-aliasing rules [-Wstrict-aliasing]
  GTE_RTPS1(1); 
  ^
/wiisxr/Gamecube/../gte.c:629:2: warning: dereferencing type-punned pointer will break strict-aliasing rules [-Wstrict-aliasing]
/wiisxr/Gamecube/../gte.c:629:2: warning: dereferencing type-punned pointer will break strict-aliasing rules [-Wstrict-aliasing]
/wiisxr/Gamecube/../gte.c:629:2: warning: dereferencing type-punned pointer will break strict-aliasing rules [-Wstrict-aliasing]
/wiisxr/Gamecube/../gte.c:629:2: warning: dereferencing type-punned pointer will break strict-aliasing rules [-Wstrict-aliasing]
/wiisxr/Gamecube/../gte.c:629:2: warning: dereferencing type-punned pointer will break strict-aliasing rules [-Wstrict-aliasing]
/wiisxr/Gamecube/../gte.c:629:2: warning: dereferencing type-punned pointer will break strict-aliasing rules [-Wstrict-aliasing]
/wiisxr/Gamecube/../gte.c:636:2: warning: dereferencing type-punned pointer will break strict-aliasing rules [-Wstrict-aliasing]
  GTE_RTPS2(1);
  ^
/wiisxr/Gamecube/../gte.c:638:2: warning: dereferencing type-punned pointer will break strict-aliasing rules [-Wstrict-aliasing]
  GTE_RTPS1(2);
  ^
/wiisxr/Gamecube/../gte.c:638:2: warning: dereferencing type-punned pointer will break strict-aliasing rules [-Wstrict-aliasing]
/wiisxr/Gamecube/../gte.c:638:2: warning: dereferencing type-punned pointer will break strict-aliasing rules [-Wstrict-aliasing]
/wiisxr/Gamecube/../gte.c:638:2: warning: dereferencing type-punned pointer will break strict-aliasing rules [-Wstrict-aliasing]
/wiisxr/Gamecube/../gte.c:638:2: warning: dereferencing type-punned pointer will break strict-aliasing rules [-Wstrict-aliasing]
/wiisxr/Gamecube/../gte.c:638:2: warning: dereferencing type-punned pointer will break strict-aliasing rules [-Wstrict-aliasing]
/wiisxr/Gamecube/../gte.c:638:2: warning: dereferencing type-punned pointer will break strict-aliasing rules [-Wstrict-aliasing]
/wiisxr/Gamecube/../gte.c:645:2: warning: dereferencing type-punned pointer will break strict-aliasing rules [-Wstrict-aliasing]
  GTE_RTPS2(2);
  ^
/wiisxr/Gamecube/../gte.c: In function 'gteMVMVA':
/wiisxr/Gamecube/../gte.c:704:4: warning: dereferencing type-punned pointer will break strict-aliasing rules [-Wstrict-aliasing]
    _MVMVA_FUNC(gteVX0, gteVY0, gteVZ0, gteR); break;
    ^
/wiisxr/Gamecube/../gte.c:704:4: warning: dereferencing type-punned pointer will break strict-aliasing rules [-Wstrict-aliasing]
/wiisxr/Gamecube/../gte.c:704:4: warning: dereferencing type-punned pointer will break strict-aliasing rules [-Wstrict-aliasing]
/wiisxr/Gamecube/../gte.c:704:4: warning: dereferencing type-punned pointer will break strict-aliasing rules [-Wstrict-aliasing]
/wiisxr/Gamecube/../gte.c:704:4: warning: dereferencing type-punned pointer will break strict-aliasing rules [-Wstrict-aliasing]
/wiisxr/Gamecube/../gte.c:704:4: warning: dereferencing type-punned pointer will break strict-aliasing rules [-Wstrict-aliasing]
/wiisxr/Gamecube/../gte.c:704:4: warning: dereferencing type-punned pointer will break strict-aliasing rules [-Wstrict-aliasing]
/wiisxr/Gamecube/../gte.c:706:4: warning: dereferencing type-punned pointer will break strict-aliasing rules [-Wstrict-aliasing]
    _MVMVA_FUNC(gteVX1, gteVY1, gteVZ1, gteR); break;
    ^
/wiisxr/Gamecube/../gte.c:706:4: warning: dereferencing type-punned pointer will break strict-aliasing rules [-Wstrict-aliasing]
/wiisxr/Gamecube/../gte.c:706:4: warning: dereferencing type-punned pointer will break strict-aliasing rules [-Wstrict-aliasing]
/wiisxr/Gamecube/../gte.c:706:4: warning: dereferencing type-punned pointer will break strict-aliasing rules [-Wstrict-aliasing]
/wiisxr/Gamecube/../gte.c:706:4: warning: dereferencing type-punned pointer will break strict-aliasing rules [-Wstrict-aliasing]
/wiisxr/Gamecube/../gte.c:706:4: warning: dereferencing type-punned pointer will break strict-aliasing rules [-Wstrict-aliasing]
/wiisxr/Gamecube/../gte.c:706:4: warning: dereferencing type-punned pointer will break strict-aliasing rules [-Wstrict-aliasing]
/wiisxr/Gamecube/../gte.c:708:4: warning: dereferencing type-punned pointer will break strict-aliasing rules [-Wstrict-aliasing]
    _MVMVA_FUNC(gteVX2, gteVY2, gteVZ2, gteR); break;
    ^
/wiisxr/Gamecube/../gte.c:708:4: warning: dereferencing type-punned pointer will break strict-aliasing rules [-Wstrict-aliasing]
/wiisxr/Gamecube/../gte.c:708:4: warning: dereferencing type-punned pointer will break strict-aliasing rules [-Wstrict-aliasing]
/wiisxr/Gamecube/../gte.c:708:4: warning: dereferencing type-punned pointer will break strict-aliasing rules [-Wstrict-aliasing]
/wiisxr/Gamecube/../gte.c:708:4: warning: dereferencing type-punned pointer will break strict-aliasing rules [-Wstrict-aliasing]
/wiisxr/Gamecube/../gte.c:708:4: warning: dereferencing type-punned pointer will break strict-aliasing rules [-Wstrict-aliasing]
/wiisxr/Gamecube/../gte.c:708:4: warning: dereferencing type-punned pointer will break strict-aliasing rules [-Wstrict-aliasing]
/wiisxr/Gamecube/../gte.c:710:4: warning: dereferencing type-punned pointer will break strict-aliasing rules [-Wstrict-aliasing]
    _MVMVA_FUNC((short)gteIR1, (short)gteIR2, (short)gteIR3, gteR); 
    ^
/wiisxr/Gamecube/../gte.c:710:4: warning: dereferencing type-punned pointer will break strict-aliasing rules [-Wstrict-aliasing]
/wiisxr/Gamecube/../gte.c:710:4: warning: dereferencing type-punned pointer will break strict-aliasing rules [-Wstrict-aliasing]
/wiisxr/Gamecube/../gte.c:710:4: warning: dereferencing type-punned pointer will break strict-aliasing rules [-Wstrict-aliasing]
/wiisxr/Gamecube/../gte.c:713:4: warning: dereferencing type-punned pointer will break strict-aliasing rules [-Wstrict-aliasing]
    _MVMVA_FUNC(gteVX0, gteVY0, gteVZ0, gteL); break;
    ^
/wiisxr/Gamecube/../gte.c:713:4: warning: dereferencing type-punned pointer will break strict-aliasing rules [-Wstrict-aliasing]
/wiisxr/Gamecube/../gte.c:713:4: warning: dereferencing type-punned pointer will break strict-aliasing rules [-Wstrict-aliasing]
/wiisxr/Gamecube/../gte.c:713:4: warning: dereferencing type-punned pointer will break strict-aliasing rules [-Wstrict-aliasing]
/wiisxr/Gamecube/../gte.c:713:4: warning: dereferencing type-punned pointer will break strict-aliasing rules [-Wstrict-aliasing]
/wiisxr/Gamecube/../gte.c:713:4: warning: dereferencing type-punned pointer will break strict-aliasing rules [-Wstrict-aliasing]
/wiisxr/Gamecube/../gte.c:713:4: warning: dereferencing type-punned pointer will break strict-aliasing rules [-Wstrict-aliasing]
/wiisxr/Gamecube/../gte.c:715:4: warning: dereferencing type-punned pointer will break strict-aliasing rules [-Wstrict-aliasing]
    _MVMVA_FUNC(gteVX1, gteVY1, gteVZ1, gteL); break;
    ^
/wiisxr/Gamecube/../gte.c:715:4: warning: dereferencing type-punned pointer will break strict-aliasing rules [-Wstrict-aliasing]
/wiisxr/Gamecube/../gte.c:715:4: warning: dereferencing type-punned pointer will break strict-aliasing rules [-Wstrict-aliasing]
/wiisxr/Gamecube/../gte.c:715:4: warning: dereferencing type-punned pointer will break strict-aliasing rules [-Wstrict-aliasing]
/wiisxr/Gamecube/../gte.c:715:4: warning: dereferencing type-punned pointer will break strict-aliasing rules [-Wstrict-aliasing]
/wiisxr/Gamecube/../gte.c:715:4: warning: dereferencing type-punned pointer will break strict-aliasing rules [-Wstrict-aliasing]
/wiisxr/Gamecube/../gte.c:715:4: warning: dereferencing type-punned pointer will break strict-aliasing rules [-Wstrict-aliasing]
/wiisxr/Gamecube/../gte.c:717:4: warning: dereferencing type-punned pointer will break strict-aliasing rules [-Wstrict-aliasing]
    _MVMVA_FUNC(gteVX2, gteVY2, gteVZ2, gteL); break;
    ^
/wiisxr/Gamecube/../gte.c:717:4: warning: dereferencing type-punned pointer will break strict-aliasing rules [-Wstrict-aliasing]
/wiisxr/Gamecube/../gte.c:717:4: warning: dereferencing type-punned pointer will break strict-aliasing rules [-Wstrict-aliasing]
/wiisxr/Gamecube/../gte.c:717:4: warning: dereferencing type-punned pointer will break strict-aliasing rules [-Wstrict-aliasing]
/wiisxr/Gamecube/../gte.c:717:4: warning: dereferencing type-punned pointer will break strict-aliasing rules [-Wstrict-aliasing]
/wiisxr/Gamecube/../gte.c:717:4: warning: dereferencing type-punned pointer will break strict-aliasing rules [-Wstrict-aliasing]
/wiisxr/Gamecube/../gte.c:717:4: warning: dereferencing type-punned pointer will break strict-aliasing rules [-Wstrict-aliasing]
/wiisxr/Gamecube/../gte.c:719:4: warning: dereferencing type-punned pointer will break strict-aliasing rules [-Wstrict-aliasing]
    _MVMVA_FUNC((short)gteIR1, (short)gteIR2, (short)gteIR3, gteL); break;
    ^
/wiisxr/Gamecube/../gte.c:719:4: warning: dereferencing type-punned pointer will break strict-aliasing rules [-Wstrict-aliasing]
/wiisxr/Gamecube/../gte.c:719:4: warning: dereferencing type-punned pointer will break strict-aliasing rules [-Wstrict-aliasing]
/wiisxr/Gamecube/../gte.c:719:4: warning: dereferencing type-punned pointer will break strict-aliasing rules [-Wstrict-aliasing]
/wiisxr/Gamecube/../gte.c:721:4: warning: dereferencing type-punned pointer will break strict-aliasing rules [-Wstrict-aliasing]
    _MVMVA_FUNC(gteVX0, gteVY0, gteVZ0, gte_C); break;
    ^
/wiisxr/Gamecube/../gte.c:721:4: warning: dereferencing type-punned pointer will break strict-aliasing rules [-Wstrict-aliasing]
/wiisxr/Gamecube/../gte.c:721:4: warning: dereferencing type-punned pointer will break strict-aliasing rules [-Wstrict-aliasing]
/wiisxr/Gamecube/../gte.c:721:4: warning: dereferencing type-punned pointer will break strict-aliasing rules [-Wstrict-aliasing]
/wiisxr/Gamecube/../gte.c:721:4: warning: dereferencing type-punned pointer will break strict-aliasing rules [-Wstrict-aliasing]
/wiisxr/Gamecube/../gte.c:721:4: warning: dereferencing type-punned pointer will break strict-aliasing rules [-Wstrict-aliasing]
/wiisxr/Gamecube/../gte.c:721:4: warning: dereferencing type-punned pointer will break strict-aliasing rules [-Wstrict-aliasing]
/wiisxr/Gamecube/../gte.c:723:4: warning: dereferencing type-punned pointer will break strict-aliasing rules [-Wstrict-aliasing]
    _MVMVA_FUNC(gteVX1, gteVY1, gteVZ1, gte_C); break;
    ^
/wiisxr/Gamecube/../gte.c:723:4: warning: dereferencing type-punned pointer will break strict-aliasing rules [-Wstrict-aliasing]
/wiisxr/Gamecube/../gte.c:723:4: warning: dereferencing type-punned pointer will break strict-aliasing rules [-Wstrict-aliasing]
/wiisxr/Gamecube/../gte.c:723:4: warning: dereferencing type-punned pointer will break strict-aliasing rules [-Wstrict-aliasing]
/wiisxr/Gamecube/../gte.c:723:4: warning: dereferencing type-punned pointer will break strict-aliasing rules [-Wstrict-aliasing]
/wiisxr/Gamecube/../gte.c:723:4: warning: dereferencing type-punned pointer will break strict-aliasing rules [-Wstrict-aliasing]
/wiisxr/Gamecube/../gte.c:723:4: warning: dereferencing type-punned pointer will break strict-aliasing rules [-Wstrict-aliasing]
/wiisxr/Gamecube/../gte.c:725:4: warning: dereferencing type-punned pointer will break strict-aliasing rules [-Wstrict-aliasing]
    _MVMVA_FUNC(gteVX2, gteVY2, gteVZ2, gte_C); break;
    ^
/wiisxr/Gamecube/../gte.c:725:4: warning: dereferencing type-punned pointer will break strict-aliasing rules [-Wstrict-aliasing]
/wiisxr/Gamecube/../gte.c:725:4: warning: dereferencing type-punned pointer will break strict-aliasing rules [-Wstrict-aliasing]
/wiisxr/Gamecube/../gte.c:725:4: warning: dereferencing type-punned pointer will break strict-aliasing rules [-Wstrict-aliasing]
/wiisxr/Gamecube/../gte.c:725:4: warning: dereferencing type-punned pointer will break strict-aliasing rules [-Wstrict-aliasing]
/wiisxr/Gamecube/../gte.c:725:4: warning: dereferencing type-punned pointer will break strict-aliasing rules [-Wstrict-aliasing]
/wiisxr/Gamecube/../gte.c:725:4: warning: dereferencing type-punned pointer will break strict-aliasing rules [-Wstrict-aliasing]
/wiisxr/Gamecube/../gte.c:727:4: warning: dereferencing type-punned pointer will break strict-aliasing rules [-Wstrict-aliasing]
    _MVMVA_FUNC((short)gteIR1, (short)gteIR2, (short)gteIR3, gte_C); break;
    ^
/wiisxr/Gamecube/../gte.c:727:4: warning: dereferencing type-punned pointer will break strict-aliasing rules [-Wstrict-aliasing]
/wiisxr/Gamecube/../gte.c:727:4: warning: dereferencing type-punned pointer will break strict-aliasing rules [-Wstrict-aliasing]
/wiisxr/Gamecube/../gte.c:727:4: warning: dereferencing type-punned pointer will break strict-aliasing rules [-Wstrict-aliasing]
/wiisxr/Gamecube/../gte.c: In function 'gteNCLIP':
/wiisxr/Gamecube/../gte.c:795:2: warning: dereferencing type-punned pointer will break strict-aliasing rules [-Wstrict-aliasing]
  gteMAC0 = gteSX0 * (gteSY1 - gteSY2) +
  ^
/wiisxr/Gamecube/../gte.c:795:2: warning: dereferencing type-punned pointer will break strict-aliasing rules [-Wstrict-aliasing]
/wiisxr/Gamecube/../gte.c:796:5: warning: dereferencing type-punned pointer will break strict-aliasing rules [-Wstrict-aliasing]
     gteSX1 * (gteSY2 - gteSY0) +
     ^
/wiisxr/Gamecube/../gte.c:796:5: warning: dereferencing type-punned pointer will break strict-aliasing rules [-Wstrict-aliasing]
/wiisxr/Gamecube/../gte.c:797:5: warning: dereferencing type-punned pointer will break strict-aliasing rules [-Wstrict-aliasing]
     gteSX2 * (gteSY0 - gteSY1);
     ^
/wiisxr/Gamecube/../gte.c:797:5: warning: dereferencing type-punned pointer will break strict-aliasing rules [-Wstrict-aliasing]
/wiisxr/Gamecube/../gte.c: In function 'gteNCCS':
/wiisxr/Gamecube/../gte.c:998:2: warning: dereferencing type-punned pointer will break strict-aliasing rules [-Wstrict-aliasing]
  GTE_NCCS(0);
  ^
/wiisxr/Gamecube/../gte.c:998:2: warning: dereferencing type-punned pointer will break strict-aliasing rules [-Wstrict-aliasing]
/wiisxr/Gamecube/../gte.c:998:2: warning: dereferencing type-punned pointer will break strict-aliasing rules [-Wstrict-aliasing]
/wiisxr/Gamecube/../gte.c:998:2: warning: dereferencing type-punned pointer will break strict-aliasing rules [-Wstrict-aliasing]
/wiisxr/Gamecube/../gte.c:998:2: warning: dereferencing type-punned pointer will break strict-aliasing rules [-Wstrict-aliasing]
/wiisxr/Gamecube/../gte.c:998:2: warning: dereferencing type-punned pointer will break strict-aliasing rules [-Wstrict-aliasing]
/wiisxr/Gamecube/../gte.c:998:2: warning: dereferencing type-punned pointer will break strict-aliasing rules [-Wstrict-aliasing]
/wiisxr/Gamecube/../gte.c:998:2: warning: dereferencing type-punned pointer will break strict-aliasing rules [-Wstrict-aliasing]
/wiisxr/Gamecube/../gte.c:998:2: warning: dereferencing type-punned pointer will break strict-aliasing rules [-Wstrict-aliasing]
/wiisxr/Gamecube/../gte.c:998:2: warning: dereferencing type-punned pointer will break strict-aliasing rules [-Wstrict-aliasing]
/wiisxr/Gamecube/../gte.c:998:2: warning: dereferencing type-punned pointer will break strict-aliasing rules [-Wstrict-aliasing]
/wiisxr/Gamecube/../gte.c: In function 'gteNCCT':
/wiisxr/Gamecube/../gte.c:1082:2: warning: dereferencing type-punned pointer will break strict-aliasing rules [-Wstrict-aliasing]
  GTE_NCCS(0);
  ^
/wiisxr/Gamecube/../gte.c:1082:2: warning: dereferencing type-punned pointer will break strict-aliasing rules [-Wstrict-aliasing]
/wiisxr/Gamecube/../gte.c:1082:2: warning: dereferencing type-punned pointer will break strict-aliasing rules [-Wstrict-aliasing]
/wiisxr/Gamecube/../gte.c:1082:2: warning: dereferencing type-punned pointer will break strict-aliasing rules [-Wstrict-aliasing]
/wiisxr/Gamecube/../gte.c:1082:2: warning: dereferencing type-punned pointer will break strict-aliasing rules [-Wstrict-aliasing]
/wiisxr/Gamecube/../gte.c:1082:2: warning: dereferencing type-punned pointer will break strict-aliasing rules [-Wstrict-aliasing]
/wiisxr/Gamecube/../gte.c:1082:2: warning: dereferencing type-punned pointer will break strict-aliasing rules [-Wstrict-aliasing]
/wiisxr/Gamecube/../gte.c:1082:2: warning: dereferencing type-punned pointer will break strict-aliasing rules [-Wstrict-aliasing]
/wiisxr/Gamecube/../gte.c:1082:2: warning: dereferencing type-punned pointer will break strict-aliasing rules [-Wstrict-aliasing]
/wiisxr/Gamecube/../gte.c:1082:2: warning: dereferencing type-punned pointer will break strict-aliasing rules [-Wstrict-aliasing]
/wiisxr/Gamecube/../gte.c:1082:2: warning: dereferencing type-punned pointer will break strict-aliasing rules [-Wstrict-aliasing]
/wiisxr/Gamecube/../gte.c:1088:2: warning: dereferencing type-punned pointer will break strict-aliasing rules [-Wstrict-aliasing]
  GTE_NCCS(1);
  ^
/wiisxr/Gamecube/../gte.c:1088:2: warning: dereferencing type-punned pointer will break strict-aliasing rules [-Wstrict-aliasing]
/wiisxr/Gamecube/../gte.c:1088:2: warning: dereferencing type-punned pointer will break strict-aliasing rules [-Wstrict-aliasing]
/wiisxr/Gamecube/../gte.c:1088:2: warning: dereferencing type-punned pointer will break strict-aliasing rules [-Wstrict-aliasing]
/wiisxr/Gamecube/../gte.c:1088:2: warning: dereferencing type-punned pointer will break strict-aliasing rules [-Wstrict-aliasing]
/wiisxr/Gamecube/../gte.c:1088:2: warning: dereferencing type-punned pointer will break strict-aliasing rules [-Wstrict-aliasing]
/wiisxr/Gamecube/../gte.c:1088:2: warning: dereferencing type-punned pointer will break strict-aliasing rules [-Wstrict-aliasing]
/wiisxr/Gamecube/../gte.c:1088:2: warning: dereferencing type-punned pointer will break strict-aliasing rules [-Wstrict-aliasing]
/wiisxr/Gamecube/../gte.c:1088:2: warning: dereferencing type-punned pointer will break strict-aliasing rules [-Wstrict-aliasing]
/wiisxr/Gamecube/../gte.c:1088:2: warning: dereferencing type-punned pointer will break strict-aliasing rules [-Wstrict-aliasing]
/wiisxr/Gamecube/../gte.c:1088:2: warning: dereferencing type-punned pointer will break strict-aliasing rules [-Wstrict-aliasing]
/wiisxr/Gamecube/../gte.c:1094:2: warning: dereferencing type-punned pointer will break strict-aliasing rules [-Wstrict-aliasing]
  GTE_NCCS(2);
  ^
/wiisxr/Gamecube/../gte.c:1094:2: warning: dereferencing type-punned pointer will break strict-aliasing rules [-Wstrict-aliasing]
/wiisxr/Gamecube/../gte.c:1094:2: warning: dereferencing type-punned pointer will break strict-aliasing rules [-Wstrict-aliasing]
/wiisxr/Gamecube/../gte.c:1094:2: warning: dereferencing type-punned pointer will break strict-aliasing rules [-Wstrict-aliasing]
/wiisxr/Gamecube/../gte.c:1094:2: warning: dereferencing type-punned pointer will break strict-aliasing rules [-Wstrict-aliasing]
/wiisxr/Gamecube/../gte.c:1094:2: warning: dereferencing type-punned pointer will break strict-aliasing rules [-Wstrict-aliasing]
/wiisxr/Gamecube/../gte.c:1094:2: warning: dereferencing type-punned pointer will break strict-aliasing rules [-Wstrict-aliasing]
/wiisxr/Gamecube/../gte.c:1094:2: warning: dereferencing type-punned pointer will break strict-aliasing rules [-Wstrict-aliasing]
/wiisxr/Gamecube/../gte.c:1094:2: warning: dereferencing type-punned pointer will break strict-aliasing rules [-Wstrict-aliasing]
/wiisxr/Gamecube/../gte.c:1094:2: warning: dereferencing type-punned pointer will break strict-aliasing rules [-Wstrict-aliasing]
/wiisxr/Gamecube/../gte.c:1094:2: warning: dereferencing type-punned pointer will break strict-aliasing rules [-Wstrict-aliasing]
/wiisxr/Gamecube/../gte.c: In function 'gteNCDS':
/wiisxr/Gamecube/../gte.c:1258:5: warning: dereferencing type-punned pointer will break strict-aliasing rules [-Wstrict-aliasing]
     GTE_NCDS(0);
     ^
/wiisxr/Gamecube/../gte.c:1258:5: warning: dereferencing type-punned pointer will break strict-aliasing rules [-Wstrict-aliasing]
/wiisxr/Gamecube/../gte.c:1258:5: warning: dereferencing type-punned pointer will break strict-aliasing rules [-Wstrict-aliasing]
/wiisxr/Gamecube/../gte.c:1258:5: warning: dereferencing type-punned pointer will break strict-aliasing rules [-Wstrict-aliasing]
/wiisxr/Gamecube/../gte.c:1258:5: warning: dereferencing type-punned pointer will break strict-aliasing rules [-Wstrict-aliasing]
/wiisxr/Gamecube/../gte.c:1258:5: warning: dereferencing type-punned pointer will break strict-aliasing rules [-Wstrict-aliasing]
/wiisxr/Gamecube/../gte.c:1258:5: warning: dereferencing type-punned pointer will break strict-aliasing rules [-Wstrict-aliasing]
/wiisxr/Gamecube/../gte.c:1258:5: warning: dereferencing type-punned pointer will break strict-aliasing rules [-Wstrict-aliasing]
/wiisxr/Gamecube/../gte.c:1258:5: warning: dereferencing type-punned pointer will break strict-aliasing rules [-Wstrict-aliasing]
/wiisxr/Gamecube/../gte.c:1258:5: warning: dereferencing type-punned pointer will break strict-aliasing rules [-Wstrict-aliasing]
/wiisxr/Gamecube/../gte.c:1258:5: warning: dereferencing type-punned pointer will break strict-aliasing rules [-Wstrict-aliasing]
/wiisxr/Gamecube/../gte.c: In function 'gteNCDT':
/wiisxr/Gamecube/../gte.c:1451:5: warning: dereferencing type-punned pointer will break strict-aliasing rules [-Wstrict-aliasing]
     GTE_NCDS(0);
     ^
/wiisxr/Gamecube/../gte.c:1451:5: warning: dereferencing type-punned pointer will break strict-aliasing rules [-Wstrict-aliasing]
/wiisxr/Gamecube/../gte.c:1451:5: warning: dereferencing type-punned pointer will break strict-aliasing rules [-Wstrict-aliasing]
/wiisxr/Gamecube/../gte.c:1451:5: warning: dereferencing type-punned pointer will break strict-aliasing rules [-Wstrict-aliasing]
/wiisxr/Gamecube/../gte.c:1451:5: warning: dereferencing type-punned pointer will break strict-aliasing rules [-Wstrict-aliasing]
/wiisxr/Gamecube/../gte.c:1451:5: warning: dereferencing type-punned pointer will break strict-aliasing rules [-Wstrict-aliasing]
/wiisxr/Gamecube/../gte.c:1451:5: warning: dereferencing type-punned pointer will break strict-aliasing rules [-Wstrict-aliasing]
/wiisxr/Gamecube/../gte.c:1451:5: warning: dereferencing type-punned pointer will break strict-aliasing rules [-Wstrict-aliasing]
/wiisxr/Gamecube/../gte.c:1451:5: warning: dereferencing type-punned pointer will break strict-aliasing rules [-Wstrict-aliasing]
/wiisxr/Gamecube/../gte.c:1451:5: warning: dereferencing type-punned pointer will break strict-aliasing rules [-Wstrict-aliasing]
/wiisxr/Gamecube/../gte.c:1451:5: warning: dereferencing type-punned pointer will break strict-aliasing rules [-Wstrict-aliasing]
/wiisxr/Gamecube/../gte.c:1457:5: warning: dereferencing type-punned pointer will break strict-aliasing rules [-Wstrict-aliasing]
     GTE_NCDS(1);
     ^
/wiisxr/Gamecube/../gte.c:1457:5: warning: dereferencing type-punned pointer will break strict-aliasing rules [-Wstrict-aliasing]
/wiisxr/Gamecube/../gte.c:1457:5: warning: dereferencing type-punned pointer will break strict-aliasing rules [-Wstrict-aliasing]
/wiisxr/Gamecube/../gte.c:1457:5: warning: dereferencing type-punned pointer will break strict-aliasing rules [-Wstrict-aliasing]
/wiisxr/Gamecube/../gte.c:1457:5: warning: dereferencing type-punned pointer will break strict-aliasing rules [-Wstrict-aliasing]
/wiisxr/Gamecube/../gte.c:1457:5: warning: dereferencing type-punned pointer will break strict-aliasing rules [-Wstrict-aliasing]
/wiisxr/Gamecube/../gte.c:1457:5: warning: dereferencing type-punned pointer will break strict-aliasing rules [-Wstrict-aliasing]
/wiisxr/Gamecube/../gte.c:1457:5: warning: dereferencing type-punned pointer will break strict-aliasing rules [-Wstrict-aliasing]
/wiisxr/Gamecube/../gte.c:1457:5: warning: dereferencing type-punned pointer will break strict-aliasing rules [-Wstrict-aliasing]
/wiisxr/Gamecube/../gte.c:1457:5: warning: dereferencing type-punned pointer will break strict-aliasing rules [-Wstrict-aliasing]
/wiisxr/Gamecube/../gte.c:1457:5: warning: dereferencing type-punned pointer will break strict-aliasing rules [-Wstrict-aliasing]
/wiisxr/Gamecube/../gte.c:1463:5: warning: dereferencing type-punned pointer will break strict-aliasing rules [-Wstrict-aliasing]
     GTE_NCDS(2);
     ^
/wiisxr/Gamecube/../gte.c:1463:5: warning: dereferencing type-punned pointer will break strict-aliasing rules [-Wstrict-aliasing]
/wiisxr/Gamecube/../gte.c:1463:5: warning: dereferencing type-punned pointer will break strict-aliasing rules [-Wstrict-aliasing]
/wiisxr/Gamecube/../gte.c:1463:5: warning: dereferencing type-punned pointer will break strict-aliasing rules [-Wstrict-aliasing]
/wiisxr/Gamecube/../gte.c:1463:5: warning: dereferencing type-punned pointer will break strict-aliasing rules [-Wstrict-aliasing]
/wiisxr/Gamecube/../gte.c:1463:5: warning: dereferencing type-punned pointer will break strict-aliasing rules [-Wstrict-aliasing]
/wiisxr/Gamecube/../gte.c:1463:5: warning: dereferencing type-punned pointer will break strict-aliasing rules [-Wstrict-aliasing]
/wiisxr/Gamecube/../gte.c:1463:5: warning: dereferencing type-punned pointer will break strict-aliasing rules [-Wstrict-aliasing]
/wiisxr/Gamecube/../gte.c:1463:5: warning: dereferencing type-punned pointer will break strict-aliasing rules [-Wstrict-aliasing]
/wiisxr/Gamecube/../gte.c:1463:5: warning: dereferencing type-punned pointer will break strict-aliasing rules [-Wstrict-aliasing]
/wiisxr/Gamecube/../gte.c:1463:5: warning: dereferencing type-punned pointer will break strict-aliasing rules [-Wstrict-aliasing]
/wiisxr/Gamecube/../gte.c: In function 'gteNCS':
/wiisxr/Gamecube/../gte.c:2015:2: warning: dereferencing type-punned pointer will break strict-aliasing rules [-Wstrict-aliasing]
  GTE_NCS(0);
  ^
/wiisxr/Gamecube/../gte.c:2015:2: warning: dereferencing type-punned pointer will break strict-aliasing rules [-Wstrict-aliasing]
/wiisxr/Gamecube/../gte.c:2015:2: warning: dereferencing type-punned pointer will break strict-aliasing rules [-Wstrict-aliasing]
/wiisxr/Gamecube/../gte.c:2015:2: warning: dereferencing type-punned pointer will break strict-aliasing rules [-Wstrict-aliasing]
/wiisxr/Gamecube/../gte.c:2015:2: warning: dereferencing type-punned pointer will break strict-aliasing rules [-Wstrict-aliasing]
/wiisxr/Gamecube/../gte.c:2015:2: warning: dereferencing type-punned pointer will break strict-aliasing rules [-Wstrict-aliasing]
/wiisxr/Gamecube/../gte.c:2015:2: warning: dereferencing type-punned pointer will break strict-aliasing rules [-Wstrict-aliasing]
/wiisxr/Gamecube/../gte.c:2015:2: warning: dereferencing type-punned pointer will break strict-aliasing rules [-Wstrict-aliasing]
/wiisxr/Gamecube/../gte.c:2015:2: warning: dereferencing type-punned pointer will break strict-aliasing rules [-Wstrict-aliasing]
/wiisxr/Gamecube/../gte.c:2015:2: warning: dereferencing type-punned pointer will break strict-aliasing rules [-Wstrict-aliasing]
/wiisxr/Gamecube/../gte.c:2015:2: warning: dereferencing type-punned pointer will break strict-aliasing rules [-Wstrict-aliasing]
/wiisxr/Gamecube/../gte.c: In function 'gteNCT':
/wiisxr/Gamecube/../gte.c:2105:2: warning: dereferencing type-punned pointer will break strict-aliasing rules [-Wstrict-aliasing]
  GTE_NCS(0);
  ^
/wiisxr/Gamecube/../gte.c:2105:2: warning: dereferencing type-punned pointer will break strict-aliasing rules [-Wstrict-aliasing]
/wiisxr/Gamecube/../gte.c:2105:2: warning: dereferencing type-punned pointer will break strict-aliasing rules [-Wstrict-aliasing]
/wiisxr/Gamecube/../gte.c:2105:2: warning: dereferencing type-punned pointer will break strict-aliasing rules [-Wstrict-aliasing]
/wiisxr/Gamecube/../gte.c:2105:2: warning: dereferencing type-punned pointer will break strict-aliasing rules [-Wstrict-aliasing]
/wiisxr/Gamecube/../gte.c:2105:2: warning: dereferencing type-punned pointer will break strict-aliasing rules [-Wstrict-aliasing]
/wiisxr/Gamecube/../gte.c:2105:2: warning: dereferencing type-punned pointer will break strict-aliasing rules [-Wstrict-aliasing]
/wiisxr/Gamecube/../gte.c:2105:2: warning: dereferencing type-punned pointer will break strict-aliasing rules [-Wstrict-aliasing]
/wiisxr/Gamecube/../gte.c:2105:2: warning: dereferencing type-punned pointer will break strict-aliasing rules [-Wstrict-aliasing]
/wiisxr/Gamecube/../gte.c:2105:2: warning: dereferencing type-punned pointer will break strict-aliasing rules [-Wstrict-aliasing]
/wiisxr/Gamecube/../gte.c:2105:2: warning: dereferencing type-punned pointer will break strict-aliasing rules [-Wstrict-aliasing]
/wiisxr/Gamecube/../gte.c:2111:2: warning: dereferencing type-punned pointer will break strict-aliasing rules [-Wstrict-aliasing]
  GTE_NCS(1);
  ^
/wiisxr/Gamecube/../gte.c:2111:2: warning: dereferencing type-punned pointer will break strict-aliasing rules [-Wstrict-aliasing]
/wiisxr/Gamecube/../gte.c:2111:2: warning: dereferencing type-punned pointer will break strict-aliasing rules [-Wstrict-aliasing]
/wiisxr/Gamecube/../gte.c:2111:2: warning: dereferencing type-punned pointer will break strict-aliasing rules [-Wstrict-aliasing]
/wiisxr/Gamecube/../gte.c:2111:2: warning: dereferencing type-punned pointer will break strict-aliasing rules [-Wstrict-aliasing]
/wiisxr/Gamecube/../gte.c:2111:2: warning: dereferencing type-punned pointer will break strict-aliasing rules [-Wstrict-aliasing]
/wiisxr/Gamecube/../gte.c:2111:2: warning: dereferencing type-punned pointer will break strict-aliasing rules [-Wstrict-aliasing]
/wiisxr/Gamecube/../gte.c:2111:2: warning: dereferencing type-punned pointer will break strict-aliasing rules [-Wstrict-aliasing]
/wiisxr/Gamecube/../gte.c:2111:2: warning: dereferencing type-punned pointer will break strict-aliasing rules [-Wstrict-aliasing]
/wiisxr/Gamecube/../gte.c:2111:2: warning: dereferencing type-punned pointer will break strict-aliasing rules [-Wstrict-aliasing]
/wiisxr/Gamecube/../gte.c:2111:2: warning: dereferencing type-punned pointer will break strict-aliasing rules [-Wstrict-aliasing]
/wiisxr/Gamecube/../gte.c:2116:2: warning: dereferencing type-punned pointer will break strict-aliasing rules [-Wstrict-aliasing]
  GTE_NCS(2);
  ^
/wiisxr/Gamecube/../gte.c:2116:2: warning: dereferencing type-punned pointer will break strict-aliasing rules [-Wstrict-aliasing]
/wiisxr/Gamecube/../gte.c:2116:2: warning: dereferencing type-punned pointer will break strict-aliasing rules [-Wstrict-aliasing]
/wiisxr/Gamecube/../gte.c:2116:2: warning: dereferencing type-punned pointer will break strict-aliasing rules [-Wstrict-aliasing]
/wiisxr/Gamecube/../gte.c:2116:2: warning: dereferencing type-punned pointer will break strict-aliasing rules [-Wstrict-aliasing]
/wiisxr/Gamecube/../gte.c:2116:2: warning: dereferencing type-punned pointer will break strict-aliasing rules [-Wstrict-aliasing]
/wiisxr/Gamecube/../gte.c:2116:2: warning: dereferencing type-punned pointer will break strict-aliasing rules [-Wstrict-aliasing]
/wiisxr/Gamecube/../gte.c:2116:2: warning: dereferencing type-punned pointer will break strict-aliasing rules [-Wstrict-aliasing]
/wiisxr/Gamecube/../gte.c:2116:2: warning: dereferencing type-punned pointer will break strict-aliasing rules [-Wstrict-aliasing]
/wiisxr/Gamecube/../gte.c:2116:2: warning: dereferencing type-punned pointer will break strict-aliasing rules [-Wstrict-aliasing]
/wiisxr/Gamecube/../gte.c:2116:2: warning: dereferencing type-punned pointer will break strict-aliasing rules [-Wstrict-aliasing]
/wiisxr/Gamecube/../gte.c: In function 'gteCC':
/wiisxr/Gamecube/../gte.c:2175:2: warning: dereferencing type-punned pointer will break strict-aliasing rules [-Wstrict-aliasing]
  RR0 = FNC_OVERFLOW1(gteRBK + ((gteLR1*gteIR1 + gteLR2*gteIR2 + gteLR3*gteIR3) >> 12));
  ^
/wiisxr/Gamecube/../gte.c:2176:2: warning: dereferencing type-punned pointer will break strict-aliasing rules [-Wstrict-aliasing]
  GG0 = FNC_OVERFLOW2(gteGBK + ((gteLG1*gteIR1 + gteLG2*gteIR2 + gteLG3*gteIR3) >> 12));
  ^
/wiisxr/Gamecube/../gte.c:2176:2: warning: dereferencing type-punned pointer will break strict-aliasing rules [-Wstrict-aliasing]
/wiisxr/Gamecube/../gte.c:2177:2: warning: dereferencing type-punned pointer will break strict-aliasing rules [-Wstrict-aliasing]
  BB0 = FNC_OVERFLOW3(gteBBK + ((gteLB1*gteIR1 + gteLB2*gteIR2 + gteLB3*gteIR3) >> 12));
  ^
/wiisxr/Gamecube/../gte.c: In function 'gteCDP':
/wiisxr/Gamecube/../gte.c:2343:2: warning: dereferencing type-punned pointer will break strict-aliasing rules [-Wstrict-aliasing]
  RR0 = NC_OVERFLOW1(gteRBK + (gteLR1*gteIR1 +gteLR2*gteIR2 + gteLR3*gteIR3));
  ^
/wiisxr/Gamecube/../gte.c:2344:2: warning: dereferencing type-punned pointer will break strict-aliasing rules [-Wstrict-aliasing]
  GG0 = NC_OVERFLOW2(gteGBK + (gteLG1*gteIR1 +gteLG2*gteIR2 + gteLG3*gteIR3));
  ^
/wiisxr/Gamecube/../gte.c:2344:2: warning: dereferencing type-punned pointer will break strict-aliasing rules [-Wstrict-aliasing]
/wiisxr/Gamecube/../gte.c:2345:2: warning: dereferencing type-punned pointer will break strict-aliasing rules [-Wstrict-aliasing]
  BB0 = NC_OVERFLOW3(gteBBK + (gteLB1*gteIR1 +gteLB2*gteIR2 + gteLB3*gteIR3));
  ^
/wiisxr/Gamecube/../psxbios.c: In function 'psxBios_printf':
/wiisxr/Gamecube/../psxbios.c:562:2: warning: dereferencing type-punned pointer will break strict-aliasing rules [-Wstrict-aliasing]
  psxMu32ref(sp) = SWAP32((u32)a0);
  ^
/wiisxr/Gamecube/../psxbios.c:563:2: warning: dereferencing type-punned pointer will break strict-aliasing rules [-Wstrict-aliasing]
  psxMu32ref(sp + 4) = SWAP32((u32)a1);
  ^
/wiisxr/Gamecube/../psxbios.c:564:2: warning: dereferencing type-punned pointer will break strict-aliasing rules [-Wstrict-aliasing]
  psxMu32ref(sp + 8) = SWAP32((u32)a2);
  ^
/wiisxr/Gamecube/../psxbios.c:565:2: warning: dereferencing type-punned pointer will break strict-aliasing rules [-Wstrict-aliasing]
  psxMu32ref(sp + 12) = SWAP32((u32)a3);
  ^
/wiisxr/Gamecube/../psxbios.c:590:7: warning: dereferencing type-punned pointer will break strict-aliasing rules [-Wstrict-aliasing]
       ptmp+= sprintf(ptmp, tmp2, (float)psxMu32(t)); n++; break;
       ^
/wiisxr/Gamecube/../psxbios.c:590:7: warning: dereferencing type-punned pointer will break strict-aliasing rules [-Wstrict-aliasing]
/wiisxr/Gamecube/../psxbios.c:590:7: warning: dereferencing type-punned pointer will break strict-aliasing rules [-Wstrict-aliasing]
/wiisxr/Gamecube/../psxbios.c:590:7: warning: dereferencing type-punned pointer will break strict-aliasing rules [-Wstrict-aliasing]
/wiisxr/Gamecube/../psxbios.c:595:7: warning: dereferencing type-punned pointer will break strict-aliasing rules [-Wstrict-aliasing]
       ptmp+= sprintf(ptmp, tmp2, (double)psxMu32(t)); n++; break;
       ^
/wiisxr/Gamecube/../psxbios.c:595:7: warning: dereferencing type-punned pointer will break strict-aliasing rules [-Wstrict-aliasing]
/wiisxr/Gamecube/../psxbios.c:595:7: warning: dereferencing type-punned pointer will break strict-aliasing rules [-Wstrict-aliasing]
/wiisxr/Gamecube/../psxbios.c:595:7: warning: dereferencing type-punned pointer will break strict-aliasing rules [-Wstrict-aliasing]
/wiisxr/Gamecube/../psxbios.c:602:7: warning: dereferencing type-punned pointer will break strict-aliasing rules [-Wstrict-aliasing]
       ptmp+= sprintf(ptmp, tmp2, (unsigned int)psxMu32(t)); n++; break;
       ^
/wiisxr/Gamecube/../psxbios.c:602:7: warning: dereferencing type-punned pointer will break strict-aliasing rules [-Wstrict-aliasing]
/wiisxr/Gamecube/../psxbios.c:602:7: warning: dereferencing type-punned pointer will break strict-aliasing rules [-Wstrict-aliasing]
/wiisxr/Gamecube/../psxbios.c:602:7: warning: dereferencing type-punned pointer will break strict-aliasing rules [-Wstrict-aliasing]
/wiisxr/Gamecube/../psxbios.c:605:7: warning: dereferencing type-punned pointer will break strict-aliasing rules [-Wstrict-aliasing]
       ptmp+= sprintf(ptmp, tmp2, (unsigned char)psxMu32(t)); n++; break;
       ^
/wiisxr/Gamecube/../psxbios.c:605:7: warning: dereferencing type-punned pointer will break strict-aliasing rules [-Wstrict-aliasing]
/wiisxr/Gamecube/../psxbios.c:605:7: warning: dereferencing type-punned pointer will break strict-aliasing rules [-Wstrict-aliasing]
/wiisxr/Gamecube/../psxbios.c:605:7: warning: dereferencing type-punned pointer will break strict-aliasing rules [-Wstrict-aliasing]
/wiisxr/Gamecube/../psxbios.c:608:7: warning: dereferencing type-punned pointer will break strict-aliasing rules [-Wstrict-aliasing]
       ptmp+= sprintf(ptmp, tmp2, (char*)PSXM(psxMu32(t))); n++; break;
       ^
/wiisxr/Gamecube/../psxbios.c:608:7: warning: dereferencing type-punned pointer will break strict-aliasing rules [-Wstrict-aliasing]
/wiisxr/Gamecube/../psxbios.c:608:7: warning: dereferencing type-punned pointer will break strict-aliasing rules [-Wstrict-aliasing]
/wiisxr/Gamecube/../psxbios.c:608:7: warning: dereferencing type-punned pointer will break strict-aliasing rules [-Wstrict-aliasing]
/wiisxr/Gamecube/../psxbios.c:608:7: warning: dereferencing type-punned pointer will break strict-aliasing rules [-Wstrict-aliasing]
/wiisxr/Gamecube/../psxbios.c:608:7: warning: dereferencing type-punned pointer will break strict-aliasing rules [-Wstrict-aliasing]
/wiisxr/Gamecube/../psxbios.c:608:7: warning: dereferencing type-punned pointer will break strict-aliasing rules [-Wstrict-aliasing]
/wiisxr/Gamecube/../psxbios.c:608:7: warning: dereferencing type-punned pointer will break strict-aliasing rules [-Wstrict-aliasing]
/wiisxr/Gamecube/../psxbios.c:608:7: warning: dereferencing type-punned pointer will break strict-aliasing rules [-Wstrict-aliasing]
/wiisxr/Gamecube/../psxbios.c:608:7: warning: dereferencing type-punned pointer will break strict-aliasing rules [-Wstrict-aliasing]
/wiisxr/Gamecube/../psxbios.c:608:7: warning: dereferencing type-punned pointer will break strict-aliasing rules [-Wstrict-aliasing]
/wiisxr/Gamecube/../psxbios.c:608:7: warning: dereferencing type-punned pointer will break strict-aliasing rules [-Wstrict-aliasing]
/wiisxr/Gamecube/../psxbios.c: In function 'psxBiosInit':
/wiisxr/Gamecube/../psxbios.c:2161:2: warning: dereferencing type-punned pointer will break strict-aliasing rules [-Wstrict-aliasing]
  psxMu32ref(0x0150) = SWAPu32(0x160);
  ^
/wiisxr/Gamecube/../psxbios.c:2162:2: warning: dereferencing type-punned pointer will break strict-aliasing rules [-Wstrict-aliasing]
  psxMu32ref(0x0154) = SWAPu32(0x320);
  ^
/wiisxr/Gamecube/../psxbios.c:2163:2: warning: dereferencing type-punned pointer will break strict-aliasing rules [-Wstrict-aliasing]
  psxMu32ref(0x0160) = SWAPu32(0x248);
  ^
/wiisxr/Gamecube/../psxbios.c:2172:2: warning: dereferencing type-punned pointer will break strict-aliasing rules [-Wstrict-aliasing]
  psxRu32ref(0x0000) = SWAPu32((0x3b << 26) | 4);
  ^
/wiisxr/Gamecube/../psxbios.c:2173:2: warning: dereferencing type-punned pointer will break strict-aliasing rules [-Wstrict-aliasing]
  psxMu32ref(0x0000) = SWAPu32((0x3b << 26) | 0);
  ^
/wiisxr/Gamecube/../psxbios.c:2174:2: warning: dereferencing type-punned pointer will break strict-aliasing rules [-Wstrict-aliasing]
  psxMu32ref(0x00a0) = SWAPu32((0x3b << 26) | 1);
  ^
/wiisxr/Gamecube/../psxbios.c:2175:2: warning: dereferencing type-punned pointer will break strict-aliasing rules [-Wstrict-aliasing]
  psxMu32ref(0x00b0) = SWAPu32((0x3b << 26) | 2);
  ^
/wiisxr/Gamecube/../psxbios.c:2176:2: warning: dereferencing type-punned pointer will break strict-aliasing rules [-Wstrict-aliasing]
  psxMu32ref(0x00c0) = SWAPu32((0x3b << 26) | 3);
  ^
/wiisxr/Gamecube/../psxbios.c:2177:2: warning: dereferencing type-punned pointer will break strict-aliasing rules [-Wstrict-aliasing]
  psxMu32ref(0x4c54) = SWAPu32((0x3b << 26) | 0);
  ^
/wiisxr/Gamecube/../psxbios.c:2178:2: warning: dereferencing type-punned pointer will break strict-aliasing rules [-Wstrict-aliasing]
  psxMu32ref(0x8000) = SWAPu32((0x3b << 26) | 5);
  ^
/wiisxr/Gamecube/../psxbios.c:2179:2: warning: dereferencing type-punned pointer will break strict-aliasing rules [-Wstrict-aliasing]
  psxMu32ref(0x07a0) = SWAPu32((0x3b << 26) | 0);
  ^
/wiisxr/Gamecube/../psxbios.c:2180:2: warning: dereferencing type-punned pointer will break strict-aliasing rules [-Wstrict-aliasing]
  psxMu32ref(0x0884) = SWAPu32((0x3b << 26) | 0);
  ^
/wiisxr/Gamecube/../psxbios.c:2181:2: warning: dereferencing type-punned pointer will break strict-aliasing rules [-Wstrict-aliasing]
  psxMu32ref(0x0894) = SWAPu32((0x3b << 26) | 0);
  ^
/wiisxr/Gamecube/../psxbios.c: In function 'psxBiosFreeze':
/wiisxr/Gamecube/../psxbios.c:2389:42: warning: argument to 'sizeof' in 'memcpy' call is the same expression as the source; did you mean to remove the addressof? [-Wsizeof-pointer-memaccess]
 #define bfreezes(ptr) bfreeze(ptr, sizeof(ptr))
                                          ^
/wiisxr/Gamecube/../psxbios.c:2385:42: note: in definition of macro 'bfreeze'
  if (Mode == 1) memcpy(&psxR[base], ptr, size); \
                                          ^
/wiisxr/Gamecube/../psxbios.c:2441:2: note: in expansion of macro 'bfreezes'
  bfreezes(&signature);
  ^
/wiisxr/Gamecube/../psxbios.c:2389:42: warning: argument to 'sizeof' in 'memcpy' call is the same expression as the destination; did you mean to remove the addressof? [-Wsizeof-pointer-memaccess]
 #define bfreezes(ptr) bfreeze(ptr, sizeof(ptr))
                                          ^
/wiisxr/Gamecube/../psxbios.c:2386:42: note: in definition of macro 'bfreeze'
  if (Mode == 0) memcpy(ptr, &psxR[base], size); \
                                          ^
/wiisxr/Gamecube/../psxbios.c:2441:2: note: in expansion of macro 'bfreezes'
  bfreezes(&signature);
  ^
/wiisxr/Gamecube/../psxbios.c:2452:2: warning: dereferencing type-punned pointer will break strict-aliasing rules [-Wstrict-aliasing]
  bfreezepsxMptr(jmp_int);
  ^
/wiisxr/Gamecube/../psxbios.c:2452:2: warning: dereferencing type-punned pointer will break strict-aliasing rules [-Wstrict-aliasing]
/wiisxr/Gamecube/../psxbios.c:2452:2: warning: dereferencing type-punned pointer will break strict-aliasing rules [-Wstrict-aliasing]
/wiisxr/Gamecube/../psxbios.c:2452:2: warning: dereferencing type-punned pointer will break strict-aliasing rules [-Wstrict-aliasing]
/wiisxr/Gamecube/../psxbios.c:2452:2: warning: dereferencing type-punned pointer will break strict-aliasing rules [-Wstrict-aliasing]
/wiisxr/Gamecube/../psxbios.c:2452:2: warning: dereferencing type-punned pointer will break strict-aliasing rules [-Wstrict-aliasing]
/wiisxr/Gamecube/../psxbios.c:2452:2: warning: dereferencing type-punned pointer will break strict-aliasing rules [-Wstrict-aliasing]
/wiisxr/Gamecube/../psxbios.c:2452:2: warning: dereferencing type-punned pointer will break strict-aliasing rules [-Wstrict-aliasing]
/wiisxr/Gamecube/../psxbios.c:2452:2: warning: dereferencing type-punned pointer will break strict-aliasing rules [-Wstrict-aliasing]
/wiisxr/Gamecube/../psxbios.c:2452:2: warning: dereferencing type-punned pointer will break strict-aliasing rules [-Wstrict-aliasing]
/wiisxr/Gamecube/../psxbios.c:2453:2: warning: dereferencing type-punned pointer will break strict-aliasing rules [-Wstrict-aliasing]
  bfreezepsxMptr(pad_buf);
  ^
/wiisxr/Gamecube/../psxbios.c:2453:2: warning: dereferencing type-punned pointer will break strict-aliasing rules [-Wstrict-aliasing]
/wiisxr/Gamecube/../psxbios.c:2453:2: warning: dereferencing type-punned pointer will break strict-aliasing rules [-Wstrict-aliasing]
/wiisxr/Gamecube/../psxbios.c:2453:2: warning: dereferencing type-punned pointer will break strict-aliasing rules [-Wstrict-aliasing]
/wiisxr/Gamecube/../psxbios.c:2453:2: warning: dereferencing type-punned pointer will break strict-aliasing rules [-Wstrict-aliasing]
/wiisxr/Gamecube/../psxbios.c:2453:2: warning: dereferencing type-punned pointer will break strict-aliasing rules [-Wstrict-aliasing]
/wiisxr/Gamecube/../psxbios.c:2453:2: warning: dereferencing type-punned pointer will break strict-aliasing rules [-Wstrict-aliasing]
/wiisxr/Gamecube/../psxbios.c:2453:2: warning: dereferencing type-punned pointer will break strict-aliasing rules [-Wstrict-aliasing]
/wiisxr/Gamecube/../psxbios.c:2453:2: warning: dereferencing type-punned pointer will break strict-aliasing rules [-Wstrict-aliasing]
/wiisxr/Gamecube/../psxbios.c:2453:2: warning: dereferencing type-punned pointer will break strict-aliasing rules [-Wstrict-aliasing]
/wiisxr/Gamecube/../psxbios.c:2454:2: warning: dereferencing type-punned pointer will break strict-aliasing rules [-Wstrict-aliasing]
  bfreezepsxMptr(pad_buf1);
  ^
/wiisxr/Gamecube/../psxbios.c:2454:2: warning: dereferencing type-punned pointer will break strict-aliasing rules [-Wstrict-aliasing]
/wiisxr/Gamecube/../psxbios.c:2454:2: warning: dereferencing type-punned pointer will break strict-aliasing rules [-Wstrict-aliasing]
/wiisxr/Gamecube/../psxbios.c:2454:2: warning: dereferencing type-punned pointer will break strict-aliasing rules [-Wstrict-aliasing]
/wiisxr/Gamecube/../psxbios.c:2454:2: warning: dereferencing type-punned pointer will break strict-aliasing rules [-Wstrict-aliasing]
/wiisxr/Gamecube/../psxbios.c:2454:2: warning: dereferencing type-punned pointer will break strict-aliasing rules [-Wstrict-aliasing]
/wiisxr/Gamecube/../psxbios.c:2454:2: warning: dereferencing type-punned pointer will break strict-aliasing rules [-Wstrict-aliasing]
/wiisxr/Gamecube/../psxbios.c:2454:2: warning: dereferencing type-punned pointer will break strict-aliasing rules [-Wstrict-aliasing]
/wiisxr/Gamecube/../psxbios.c:2454:2: warning: dereferencing type-punned pointer will break strict-aliasing rules [-Wstrict-aliasing]
/wiisxr/Gamecube/../psxbios.c:2454:2: warning: dereferencing type-punned pointer will break strict-aliasing rules [-Wstrict-aliasing]
/wiisxr/Gamecube/../psxbios.c:2455:2: warning: dereferencing type-punned pointer will break strict-aliasing rules [-Wstrict-aliasing]
  bfreezepsxMptr(pad_buf2);
  ^
/wiisxr/Gamecube/../psxbios.c:2455:2: warning: dereferencing type-punned pointer will break strict-aliasing rules [-Wstrict-aliasing]
/wiisxr/Gamecube/../psxbios.c:2455:2: warning: dereferencing type-punned pointer will break strict-aliasing rules [-Wstrict-aliasing]
/wiisxr/Gamecube/../psxbios.c:2455:2: warning: dereferencing type-punned pointer will break strict-aliasing rules [-Wstrict-aliasing]
/wiisxr/Gamecube/../psxbios.c:2455:2: warning: dereferencing type-punned pointer will break strict-aliasing rules [-Wstrict-aliasing]
/wiisxr/Gamecube/../psxbios.c:2455:2: warning: dereferencing type-punned pointer will break strict-aliasing rules [-Wstrict-aliasing]
/wiisxr/Gamecube/../psxbios.c:2455:2: warning: dereferencing type-punned pointer will break strict-aliasing rules [-Wstrict-aliasing]
/wiisxr/Gamecube/../psxbios.c:2455:2: warning: dereferencing type-punned pointer will break strict-aliasing rules [-Wstrict-aliasing]
/wiisxr/Gamecube/../psxbios.c:2455:2: warning: dereferencing type-punned pointer will break strict-aliasing rules [-Wstrict-aliasing]
/wiisxr/Gamecube/../psxbios.c:2455:2: warning: dereferencing type-punned pointer will break strict-aliasing rules [-Wstrict-aliasing]
/wiisxr/Gamecube/../psxbios.c:2456:2: warning: dereferencing type-punned pointer will break strict-aliasing rules [-Wstrict-aliasing]
  bfreezepsxMptr(heap_addr);
  ^
/wiisxr/Gamecube/../psxbios.c:2456:2: warning: dereferencing type-punned pointer will break strict-aliasing rules [-Wstrict-aliasing]
/wiisxr/Gamecube/../psxbios.c:2456:2: warning: dereferencing type-punned pointer will break strict-aliasing rules [-Wstrict-aliasing]
/wiisxr/Gamecube/../psxbios.c:2456:2: warning: dereferencing type-punned pointer will break strict-aliasing rules [-Wstrict-aliasing]
/wiisxr/Gamecube/../psxbios.c:2456:2: warning: dereferencing type-punned pointer will break strict-aliasing rules [-Wstrict-aliasing]
/wiisxr/Gamecube/../psxbios.c:2456:2: warning: dereferencing type-punned pointer will break strict-aliasing rules [-Wstrict-aliasing]
/wiisxr/Gamecube/../psxbios.c:2456:2: warning: dereferencing type-punned pointer will break strict-aliasing rules [-Wstrict-aliasing]
/wiisxr/Gamecube/../psxbios.c:2456:2: warning: dereferencing type-punned pointer will break strict-aliasing rules [-Wstrict-aliasing]
/wiisxr/Gamecube/../psxbios.c:2456:2: warning: dereferencing type-punned pointer will break strict-aliasing rules [-Wstrict-aliasing]
/wiisxr/Gamecube/../psxbios.c:2456:2: warning: dereferencing type-punned pointer will break strict-aliasing rules [-Wstrict-aliasing]
/wiisxr/Gamecube/../ppc/pR3000A.c: In function 'recLH':
/wiisxr/Gamecube/../ppc/pR3000A.c:1775:4: warning: dereferencing type-punned pointer will break strict-aliasing rules [-Wstrict-aliasing]
    MapConst(_Rt_, psxRs16(addr));
    ^
/wiisxr/Gamecube/../ppc/pR3000A.c:1775:4: warning: dereferencing type-punned pointer will break strict-aliasing rules [-Wstrict-aliasing]
/wiisxr/Gamecube/../ppc/pR3000A.c: In function 'recLHU':
/wiisxr/Gamecube/../ppc/pR3000A.c:1815:4: warning: dereferencing type-punned pointer will break strict-aliasing rules [-Wstrict-aliasing]
    MapConst(_Rt_, psxRu16(addr));
    ^
/wiisxr/Gamecube/../ppc/pR3000A.c:1815:4: warning: dereferencing type-punned pointer will break strict-aliasing rules [-Wstrict-aliasing]
/wiisxr/Gamecube/../ppc/pR3000A.c: In function 'recLW':
/wiisxr/Gamecube/../ppc/pR3000A.c:1896:4: warning: dereferencing type-punned pointer will break strict-aliasing rules [-Wstrict-aliasing]
    MapConst(_Rt_, psxRu32(addr));
    ^
/wiisxr/Gamecube/../ppc/pR3000A.c:1896:4: warning: dereferencing type-punned pointer will break strict-aliasing rules [-Wstrict-aliasing]
/wiisxr/Gamecube/../ppc/pR3000A.c:1896:4: warning: dereferencing type-punned pointer will break strict-aliasing rules [-Wstrict-aliasing]
/wiisxr/Gamecube/../ppc/pR3000A.c:1896:4: warning: dereferencing type-punned pointer will break strict-aliasing rules [-Wstrict-aliasing]
/wiisxr/Gamecube/../PeopsGXGPU/gpu.c: In function 'GPUdisplayFlags':
/wiisxr/Gamecube/../PeopsGXGPU/gpu.c:121:2: warning: implicit declaration of function 'BuildDispMenu' [-Wimplicit-function-declaration]
  BuildDispMenu(0);
  ^
/wiisxr/Gamecube/../PeopsGXGPU/gpu.c: At top level:
/wiisxr/Gamecube/../PeopsGXGPU/gpu.c:75:22: warning: 'gpuDataM' defined but not used [-Wunused-variable]
 static unsigned long gpuDataM[256];
                      ^
/wiisxr/Gamecube/../PeopsGXGPU/gpu.c:76:22: warning: 'gpuCommand' defined but not used [-Wunused-variable]
 static unsigned char gpuCommand = 0;
                      ^
/wiisxr/Gamecube/../PeopsGXGPU/gpu.c:77:13: warning: 'gpuDataC' defined but not used [-Wunused-variable]
 static long gpuDataC = 0;
             ^
/wiisxr/Gamecube/../PeopsGXGPU/gpu.c:78:13: warning: 'gpuDataP' defined but not used [-Wunused-variable]
 static long gpuDataP = 0;
             ^
/wiisxr/Gamecube/../PeopsGXGPU/stubs.c:38:16: warning: array 'ptCursorPoint' assumed to have one element [enabled by default]
 PSXPoint_t     ptCursorPoint[];
                ^
/wiisxr/Gamecube/utils/mload.c: In function 'mload_memset':
/wiisxr/Gamecube/utils/mload.c:158:2: warning: implicit declaration of function 'iosDestroyHeap' [-Wimplicit-function-declaration]
  iosDestroyHeap(hid);
  ^
